Section 3 Decompression vs Traversal Profiling
log_path: /home/jykang5/compass/profile/section3_decompresison_traversal/laion_profile.log

[Run Config]
queries_used: 100
num_elements: 100000
query_format: fvecs
query_dim: 512
graph_dim: 512
k: 10
ef_search_effective: 64
block_size: 8192

[Totals - Decompression]
(1) naive_lz4_ns: 711703608 (711.703608 ms)
(1) naive_deflate_ns: 9053531546 (9053.531546 ms)
(2) common_lz4_ns: 532467636 (532.467636 ms)
(2) common_deflate_ns: 7556794551 (7556.794551 ms)

[Totals - Traversal Pipeline]
(3) graph_traversal_ns: 35911783 (35.911783 ms)
    upper_traversal_ns: 232814 (0.232814 ms)
    level0_traversal_ns: 35678969 (35.678969 ms)
(4) distance_calculation_ns: 185674809 (185.674809 ms)
    upper_distance_ns: 5823538 (5.823538 ms)
    level0_distance_ns: 179851271 (179.851271 ms)
(5) candidate_update_ns: 2937522 (2.937522 ms)
baseline_sum_ns=(3)+(4)+(5): 224524114 (224.524114 ms)

[Node Access Counts]
expanded_nodes_upper: 460
expanded_nodes_level0: 6639

[Portion of Decompression vs Baseline Sum]
naive_lz4 / baseline_sum: 316.983150%
naive_deflate / baseline_sum: 4032.320353%
common_lz4 / baseline_sum: 237.153875%
common_deflate / baseline_sum: 3365.693963%

[Traversal/Distance/Candidate Percentage of Baseline Sum]
(3) graph_traversal_pct: 15.994622%
(4) distance_calculation_pct: 82.697046%
(5) candidate_update_pct: 1.308333%

[Per-Node Access Averages (Level-0)]
node_access_denominator: 6639
(1) naive_lz4_ns_per_node: 107200
(1) naive_deflate_ns_per_node: 1363689
(2) common_lz4_ns_per_node: 80202
(2) common_deflate_ns_per_node: 1138242
(3) graph_traversal_ns_per_node: 5374
(4) distance_calculation_ns_per_node: 27090
(5) candidate_update_ns_per_node: 442

[Per-Query Averages]
avg_naive_lz4_ns: 7117036
avg_naive_deflate_ns: 90535315
avg_common_lz4_ns: 5324676
avg_common_deflate_ns: 75567945
avg_upper_traversal_ns: 2328
avg_level0_traversal_ns: 356789
avg_upper_distance_ns: 58235
avg_level0_distance_ns: 1798512
avg_candidate_update_ns: 29375
avg_expanded_nodes_upper: 4
avg_expanded_nodes_level0: 66
