Section 3 Decompression vs Traversal Profiling
log_path: /home/jykang5/compass/profile/section3_decompresison_traversal/profile.log

[Run Config]
queries_used: 100
num_elements: 200000000
query_format: bvecs
query_dim: 128
graph_dim: 128
k: 10
ef_search_effective: 64
block_size: 4096

[Totals - Decompression]
(1) naive_lz4_ns: 321905216 (321.905216 ms)
(1) naive_deflate_ns: 1537852505 (1537.852505 ms)
(2) common_lz4_ns: 209868309 (209.868309 ms)
(2) common_deflate_ns: 1463492868 (1463.492868 ms)

[Totals - Traversal Pipeline]
(3) graph_traversal_ns: 205196479 (205.196479 ms)
    upper_traversal_ns: 1802907 (1.802907 ms)
    level0_traversal_ns: 203393572 (203.393572 ms)
(4) distance_calculation_ns: 480342306 (480.342306 ms)
    upper_distance_ns: 33764589 (33.764589 ms)
    level0_distance_ns: 446577717 (446.577717 ms)
(5) candidate_update_ns: 14150187 (14.150187 ms)
baseline_sum_ns=(3)+(4)+(5): 699688972 (699.688972 ms)

[Node Access Counts]
expanded_nodes_upper: 835
expanded_nodes_level0: 6633

[Portion of Decompression vs Baseline Sum]
naive_lz4 / baseline_sum: 46.006901%
naive_deflate / baseline_sum: 219.790874%
common_lz4 / baseline_sum: 29.994514%
common_deflate / baseline_sum: 209.163346%

[Traversal/Distance/Candidate Percentage of Baseline Sum]
(3) graph_traversal_pct: 29.326813%
(4) distance_calculation_pct: 68.650833%
(5) candidate_update_pct: 2.022354%

[Per-Node Access Averages (Level-0)]
node_access_denominator: 6633
(1) naive_lz4_ns_per_node: 48530
(1) naive_deflate_ns_per_node: 231848
(2) common_lz4_ns_per_node: 31640
(2) common_deflate_ns_per_node: 220638
(3) graph_traversal_ns_per_node: 30663
(4) distance_calculation_ns_per_node: 67326
(5) candidate_update_ns_per_node: 2133

[Per-Query Averages]
avg_naive_lz4_ns: 3219052
avg_naive_deflate_ns: 15378525
avg_common_lz4_ns: 2098683
avg_common_deflate_ns: 14634928
avg_upper_traversal_ns: 18029
avg_level0_traversal_ns: 2033935
avg_upper_distance_ns: 337645
avg_level0_distance_ns: 4465777
avg_candidate_update_ns: 141501
avg_expanded_nodes_upper: 8
avg_expanded_nodes_level0: 66
